0 info it worked if it ends with ok
1 verbose cli [ 'node', '/usr/local/bin/npm', 'install', '-g', 'nodemon' ]
2 info using npm@1.2.30
3 info using node@v0.8.26
4 verbose read json /usr/local/lib/package.json
5 verbose read json /usr/local/lib/package.json
6 verbose cache add [ 'nodemon', null ]
7 verbose cache add name=undefined spec="nodemon" args=["nodemon",null]
8 verbose parsed url { pathname: 'nodemon', path: 'nodemon', href: 'nodemon' }
9 silly lockFile 1625b929-nodemon nodemon
10 verbose lock nodemon /Users/thekiba/.npm/1625b929-nodemon.lock
11 silly lockFile 1625b929-nodemon nodemon
12 silly lockFile 1625b929-nodemon nodemon
13 verbose addNamed [ 'nodemon', '' ]
14 verbose addNamed [ null, '' ]
15 silly lockFile 4f5e51c6-nodemon nodemon@
16 verbose lock nodemon@ /Users/thekiba/.npm/4f5e51c6-nodemon.lock
17 silly addNameRange { name: 'nodemon', range: '', hasData: false }
18 verbose url raw nodemon
19 verbose url resolving [ 'https://registry.npmjs.org/', './nodemon' ]
20 verbose url resolved https://registry.npmjs.org/nodemon
21 info trying registry request attempt 1 at 10:46:46
22 verbose etag "5YQBNNM6ACVJIFOJOZONLIBYR"
23 http GET https://registry.npmjs.org/nodemon
24 http 200 https://registry.npmjs.org/nodemon
25 silly registry.get cb [ 200,
25 silly registry.get   { date: 'Fri, 20 Feb 2015 09:46:46 GMT',
25 silly registry.get     server: 'CouchDB/1.5.0 (Erlang OTP/R16B03)',
25 silly registry.get     etag: '"4V5E69C32DZ0KTH4BI90GH39L"',
25 silly registry.get     'content-type': 'application/json',
25 silly registry.get     'cache-control': 'max-age=60',
25 silly registry.get     'content-length': '147182',
25 silly registry.get     'accept-ranges': 'bytes',
25 silly registry.get     via: '1.1 varnish',
25 silly registry.get     age: '0',
25 silly registry.get     'x-served-by': 'cache-lhr6334-LHR',
25 silly registry.get     'x-cache': 'HIT',
25 silly registry.get     'x-cache-hits': '1',
25 silly registry.get     'x-timer': 'S1424425606.784412,VS0,VE162',
25 silly registry.get     vary: 'Accept',
25 silly registry.get     'keep-alive': 'timeout=10, max=50',
25 silly registry.get     connection: 'Keep-Alive' } ]
26 silly addNameRange number 2 { name: 'nodemon', range: '', hasData: true }
27 silly addNameRange versions [ 'nodemon',
27 silly addNameRange   [ '0.1.4',
27 silly addNameRange     '0.1.5',
27 silly addNameRange     '0.1.6',
27 silly addNameRange     '0.1.7',
27 silly addNameRange     '0.1.8',
27 silly addNameRange     '0.2.0',
27 silly addNameRange     '0.2.1',
27 silly addNameRange     '0.2.2',
27 silly addNameRange     '0.3.0',
27 silly addNameRange     '0.3.1',
27 silly addNameRange     '0.3.2',
27 silly addNameRange     '0.4.0',
27 silly addNameRange     '0.4.1',
27 silly addNameRange     '0.5.0',
27 silly addNameRange     '0.5.1',
27 silly addNameRange     '0.5.2',
27 silly addNameRange     '0.5.3',
27 silly addNameRange     '0.5.4',
27 silly addNameRange     '0.5.5',
27 silly addNameRange     '0.5.6',
27 silly addNameRange     '0.5.7',
27 silly addNameRange     '0.6.0',
27 silly addNameRange     '0.6.1',
27 silly addNameRange     '0.6.2',
27 silly addNameRange     '0.6.3',
27 silly addNameRange     '0.6.4',
27 silly addNameRange     '0.6.5',
27 silly addNameRange     '0.6.6',
27 silly addNameRange     '0.6.7',
27 silly addNameRange     '0.6.8',
27 silly addNameRange     '0.6.9',
27 silly addNameRange     '0.6.10',
27 silly addNameRange     '0.6.11',
27 silly addNameRange     '0.6.12',
27 silly addNameRange     '0.6.13',
27 silly addNameRange     '0.6.14',
27 silly addNameRange     '0.6.15',
27 silly addNameRange     '0.6.16',
27 silly addNameRange     '0.6.17',
27 silly addNameRange     '0.6.18',
27 silly addNameRange     '0.6.19',
27 silly addNameRange     '0.6.20',
27 silly addNameRange     '0.6.21',
27 silly addNameRange     '0.6.22',
27 silly addNameRange     '0.6.23',
27 silly addNameRange     '0.7.0',
27 silly addNameRange     '0.7.1',
27 silly addNameRange     '0.7.2',
27 silly addNameRange     '0.7.3',
27 silly addNameRange     '0.7.4',
27 silly addNameRange     '0.7.5',
27 silly addNameRange     '0.7.6',
27 silly addNameRange     '0.7.7',
27 silly addNameRange     '0.7.8',
27 silly addNameRange     '0.7.10',
27 silly addNameRange     '0.9.0',
27 silly addNameRange     '0.9.1',
27 silly addNameRange     '0.9.2',
27 silly addNameRange     '0.9.3',
27 silly addNameRange     '0.9.5',
27 silly addNameRange     '0.9.6',
27 silly addNameRange     '0.9.7',
27 silly addNameRange     '0.9.10',
27 silly addNameRange     '0.9.11',
27 silly addNameRange     '0.9.12',
27 silly addNameRange     '0.9.14',
27 silly addNameRange     '0.9.16',
27 silly addNameRange     '0.9.17',
27 silly addNameRange     '1.0.0',
27 silly addNameRange     '1.0.1',
27 silly addNameRange     '1.0.2',
27 silly addNameRange     '1.0.2-rc',
27 silly addNameRange     '0.6.10-a',
27 silly addNameRange     '1.0.2-rc3',
27 silly addNameRange     '1.0.2-rc4',
27 silly addNameRange     '1.0.3',
27 silly addNameRange     '1.0.4',
27 silly addNameRange     '1.0.5',
27 silly addNameRange     '1.0.6',
27 silly addNameRange     '1.0.7',
27 silly addNameRange     '1.0.8',
27 silly addNameRange     '1.0.9',
27 silly addNameRange     '1.0.10',
27 silly addNameRange     '1.0.11',
27 silly addNameRange     '1.0.12',
27 silly addNameRange     '1.0.13',
27 silly addNameRange     '1.0.14',
27 silly addNameRange     '1.0.15',
27 silly addNameRange     '1.0.16',
27 silly addNameRange     '1.0.17-rc1',
27 silly addNameRange     '1.0.17-rc2',
27 silly addNameRange     '1.0.17',
27 silly addNameRange     '1.0.18',
27 silly addNameRange     '1.0.19',
27 silly addNameRange     '1.0.20',
27 silly addNameRange     '1.1.0-alpha',
27 silly addNameRange     '1.1.0',
27 silly addNameRange     '1.1.1',
27 silly addNameRange     '1.2.0',
27 silly addNameRange     '1.2.1',
27 silly addNameRange     '1.3.0-0',
27 silly addNameRange     '1.3.0-1',
27 silly addNameRange     '1.3.0-2',
27 silly addNameRange     '1.3.0-3',
27 silly addNameRange     '1.3.0-4',
27 silly addNameRange     '1.3.0-5',
27 silly addNameRange     '1.3.0-6',
27 silly addNameRange     '1.3.0-7',
27 silly addNameRange     '1.3.0',
27 silly addNameRange     '1.3.1',
27 silly addNameRange     '1.3.2',
27 silly addNameRange     '1.3.3',
27 silly addNameRange     '1.3.5',
27 silly addNameRange     '1.3.6',
27 silly addNameRange     '1.3.7' ] ]
28 verbose addNamed [ 'nodemon', '1.3.7' ]
29 verbose addNamed [ '1.3.7', '1.3.7' ]
30 silly lockFile fec6bbf0-nodemon-1-3-7 nodemon@1.3.7
31 verbose lock nodemon@1.3.7 /Users/thekiba/.npm/fec6bbf0-nodemon-1-3-7.lock
32 verbose read json /Users/thekiba/.npm/nodemon/1.3.7/package/package.json
33 silly lockFile fec6bbf0-nodemon-1-3-7 nodemon@1.3.7
34 silly lockFile fec6bbf0-nodemon-1-3-7 nodemon@1.3.7
35 silly lockFile 4f5e51c6-nodemon nodemon@
36 silly lockFile 4f5e51c6-nodemon nodemon@
37 silly resolved [ { name: 'nodemon',
37 silly resolved     homepage: 'http://nodemon.io',
37 silly resolved     author: { name: 'Remy Sharp', url: 'http://github.com/remy' },
37 silly resolved     bin: { nodemon: './bin/nodemon.js' },
37 silly resolved     engines: { node: '>=0.8' },
37 silly resolved     repository: { type: 'git', url: 'http://github.com/remy/nodemon.git' },
37 silly resolved     description: 'Simple monitor script for use during development of a node.js app.',
37 silly resolved     keywords:
37 silly resolved      [ 'monitor',
37 silly resolved        'development',
37 silly resolved        'restart',
37 silly resolved        'autoload',
37 silly resolved        'reload',
37 silly resolved        'terminal' ],
37 silly resolved     version: '1.3.7',
37 silly resolved     preferGlobal: 'true',
37 silly resolved     licenses: [ [Object] ],
37 silly resolved     main: './lib/nodemon',
37 silly resolved     scripts:
37 silly resolved      { coverage: 'istanbul cover _mocha -- --timeout 30000 --ui bdd --reporter list test/**/*.test.js',
37 silly resolved        ':test': 'node_modules/.bin/mocha --timeout 30000 --ui bdd test/**/*.test.js',
37 silly resolved        test: 'for FILE in test/**/*.test.js; do echo $FILE; ./node_modules/.bin/mocha --timeout 30000 $FILE; if [ $? -ne 0 ]; then exit 1; fi; sleep 1; done',
37 silly resolved        web: 'node web' },
37 silly resolved     devDependencies:
37 silly resolved      { 'coffee-script': '~1.7.1',
37 silly resolved        connect: '~2.19.1',
37 silly resolved        istanbul: '~0.2.10',
37 silly resolved        mocha: '^2.0.1',
37 silly resolved        should: '~4.0.0' },
37 silly resolved     dependencies:
37 silly resolved      { minimatch: '~0.3.0',
37 silly resolved        'ps-tree': '~0.0.3',
37 silly resolved        touch: '~0.0.3',
37 silly resolved        'update-notifier': '^0.3.0' },
37 silly resolved     readme: '![nodemon logo](http://nodemon.io/nodemon.svg)\n\n# nodemon\n\n[![Flattr this](http://api.flattr.com/button/flattr-badge-large.png)](http://flattr.com/thing/1211372/remynodemon-on-GitHub)\n\nFor use during development of a node.js based application.\n\nnodemon will watch the files in the directory in which nodemon was started, and if any files change, nodemon will automatically restart your node application.\n\nnodemon does **not** require *any* changes to your code or method of development. nodemon simply wraps your node application and keeps an eye on any files that have changed. Remember that nodemon is a replacement wrapper for `node`, think of it as replacing the word "node" on the command line when you run your script.\n\n[![NPM version](https://badge.fury.io/js/nodemon.svg)](https://npmjs.org/package/nodemon)\n[![Travis Status](https://travis-ci.org/remy/nodemon.svg?branch=master)](https://travis-ci.org/remy/nodemon)\n\n# Installation\n\nEither through forking or by using [npm](http://npmjs.org) (the recommended way):\n\n    npm install -g nodemon\n\nAnd nodemon will be installed in to your bin path. Note that as of npm v1, you must explicitly tell npm to install globally as nodemon is a command line utility.\n\n# Usage\n\nnodemon wraps your application, so you can pass all the arguments you would normally pass to your app:\n\n    nodemon [your node app]\n\nFor CLI options, use the `-h` (or `--help`) argument:\n\n    nodemon -h\n\nUsing nodemon is simple, if my application accepted a host and port as the arguments, I would start it as so:\n\n    nodemon ./server.js localhost 8080\n\nAny output from this script is prefixed with `[nodemon]`, otherwise all output from your application, errors included, will be echoed out as expected.\n\nnodemon also supports running and monitoring [coffee-script](http://jashkenas.github.com/coffee-script/) apps:\n\n    nodemon server.coffee\n\nIf no script is given, nodemon will test for a `package.json` file and if found, will run the file associated with the *main* property ([ref](https://github.com/remy/nodemon/issues/14)).\n\nYou can also pass the debug flag to node through the command line as you would normally:\n\n    nodemon --debug ./server.js 80\n\nIf you have a `package.json` file for your app, you can omit the main script entirely and nodemon will read the `package.json` for the `main` property and use that value as the app.\n\nnodemon will also search for the `scripts.start` property in `package.json` (as of nodemon 1.1.x).\n\nAlso check out the [FAQ](https://github.com/remy/nodemon/blob/master/faq.md) or [issues](https://github.com/remy/nodemon/issues) for nodemon.\n\n## Automatic re-running\n\nnodemon was originally written to restart hanging processes such as web servers, but now supports apps that cleanly exit. If your script exits cleanly, nodemon will continue to monitor the directory (or directories) and restart the script if there are any changes.\n\n## Manual restarting\n\nWhilst nodemon is running, if you need to manually restart your application, instead of stopping and restart nodemon, you can simply type `rs` with a carriage return, and nodemon will restart your process.\n\n## Config files\n\nnodemon supports local and global configuration files. These are named `nodemon.json` and can be located in the current working directory or in your home directory.\n\nThe specificity is as follows, so that a command line argument will always override the config file settings:\n\n- command line arguments\n- local config\n- global config\n\nA config file can take any of the command line arguments as JSON key values, for example:\n\n    {\n      "verbose": true,\n      "ignore": ["*.test.js", "fixtures/*"],\n      "execMap": {\n        "rb": "ruby",\n        "pde": "processing --sketch={{pwd}} --run"\n      }\n    }\n\nThe above `nodemon.json` file might be my global config so that I have support for ruby files and processing files, and I can simply run `nodemon demo.pde` and nodemon will automatically know how to run the script even though out of the box support for processing scripts.\n\nA further example of options can be seen in [sample-nodemon.md](https://github.com/remy/nodemon/blob/master/doc/sample-nodemon.md)\n\n*This section needs better documentation, but for now you can also see `nodemon --help config` ([also here](https://github.com/remy/nodemon/blob/master/doc/cli/config.txt))*.\n\n## Using nodemon as a module\n\nPlease see [doc/requireable.md](doc/requireable.md)\n\n## Running non-node scripts\n\nnodemon can also be used to execute and monitor other programs. nodemon will read the file extension of the script being run and monitor that extension instead of .js if there\'s no .nodemonignore:\n\n    nodemon --exec "python -v" ./app.py\n\nNow nodemon will run `app.py` with python in verbose mode (note that if you\'re not passing args to the exec program, you don\'t need the quotes), and look for new or modified files with the `.py` extension.\n\n### Default executables\n\nUsing the `nodemon.json` config file, you can define your own default executables using the `execMap` property. This is particularly useful if you\'re working with a language that isn\'t supported by default by nodemon.\n\nTo add support for nodemon to know about the .pl extension (for Perl), the nodemon.json file would add:\n\n    {\n      "execMap": {\n         "pl": "perl"\n      }\n    }\n\nNow running the following, nodemon will know to use `perl` as the executable:\n\n    nodemon script.pl\n\nIt\'s generally recommended to use the global `nodemon.json` to add your own `execMap` options. However, if there\'s a common default that\'s missing, this can be merged in to the project so that nodemon supports it by default, by changing [default.js](https://github.com/remy/nodemon/blob/master/lib/config/defaults.js) and sending a pull request.\n\n## Monitoring multiple directories\n\nBy default nodemon monitors the current working directory. If you want to take control of that option, use the `--watch` option to add specific paths:\n\n    nodemon --watch app --watch libs app/server.js\n\nNow nodemon will only restart if there are changes in the `./app` or `./libs` directory. By default nodemon will traverse sub-directories, so there\'s no need in explicitly including sub-directories.\n\n## Specifying extension watch list\n\nBy default, nodemon looks for files with the `.js`, `.coffee`, and `.litcoffee` extensions. If you use the `--exec` option and monitor `app.py` nodemon will monitor files with the extension of `.py`. However, you can specify your own list with the `-e` (or `--ext`) switch like so:\n\n    nodemon -e js,jade\n\nNow nodemon will restart on any changes to files in the directory (or subdirectories) with the extensions .js, .jade.\n\n## Ignoring files\n\nBy default, nodemon will only restart when a `.js` JavaScript file changes. In some cases you will want to ignore some specific files, directories or file patterns, to prevent nodemon from prematurely restarting your application.\n\nThis can be done via the command line:\n\n    nodemon --ignore lib/ --ignore tests/\n\nOr specific files can be ignored:\n\n    nodemon --ignore lib/app.js\n\nPatterns can also be ignored (but be sure to quote the arguments):\n\n    nodemon --ignore \'lib/*.js\'\n\nNote that by default, nodemon will ignore the `.git`, `node_modules`, `bower_components` and `.sass-cache` directories.\n\n## Delaying restarting\n\nIn some situations, you may want to wait until a number of files have changed. The timeout before checking for new file changes is 1 second. If you\'re uploading a number of files and it\'s taking some number of seconds, this could cause your app to restart multiple times unnecessarily.\n\nTo add an extra throttle, or delay restarting, use the `--delay` command:\n\n    nodemon --delay 10 server.js\n\nFor more precision, milliseconds can be specified.  Either as a float:\n\n    nodemon --delay 2.5 server.js\n\nOr using the time specifier (ms):\n\n    nodemon --delay 2500ms server.js\n\nThe delay figure is number of seconds (or milliseconds, if specified) to delay before restarting. So nodemon will only restart your app the given number of seconds after the *last* file change.\n\n## Controlling shutdown of your script\n\nnodemon sends a kill signal to your application when it sees a file update. If you need to clean up on shutdown inside your script you can capture the kill signal and handle it yourself.\n\nThe following example will listen once for the `SIGUSR2` signal (used by nodemon to restart), run the clean up process and then kill itself for nodemon to continue control:\n\n    process.once(\'SIGUSR2\', function () {\n      gracefulShutdown(function () {\n        process.kill(process.pid, \'SIGUSR2\');\n      });\n    });\n\nNote that the `process.kill` is *only* called once your shutdown jobs are complete. Hat tip to [Benjie Gillam](http://www.benjiegillam.com/2011/08/node-js-clean-restart-and-faster-development-with-nodemon/) for writing this technique up.\n\n## Triggering events when nodemon state changes\n\nIf you want growl like notifications when nodemon restarts or to trigger an action when an event happens, then you can either `require` nodemon or simply add event actions to your `nodemon.json` file.\n\nFor example, to trigger a notification on a Mac when nodemon restarts, `nodemon.json` looks like this:\n\n```json\n{\n  "events": {\n    "restart": "osascript -e \'display notification \\"app restarted\\" with title \\"nodemon\\"\'"\n  }\n}\n```\n\nA full list of available events is listed on the [event states wiki](https://github.com/remy/nodemon/wiki/Events#states). Note that you can bind to both states and messages.\n\n## Pipe output to somewhere else\n\n```js\nnodemon({\n  script: ...,\n  stdout: false // important: this tells nodemon not to output to console\n}).on(\'readable\', function() { // the `readable` event indicates that data is ready to pick up\n  this.stdout.pipe(fs.createWriteStream(\'output.txt\'));\n  this.stderr.pipe(fs.createWriteStream(\'err.txt\'));\n});\n```\n\n## Using io.js for nodemon\n\nIf you *only* have io.js installed (and the default install creates a symlink from `node` to `iojs`), then nodemon will work just fine out of the box (or [should](https://github.com/remy/nodemon/issues/468)).\n\nIf you\'ve got *both* node and io.js installed, then it\'s easy! You can either edit the local `nodemon.json` file (in your working directory) or in your `$HOME` directory containing:\n\n```json\n{\n  "execMap": {\n    "js": "iojs"\n  }\n}\n```\n\nNow you nodemon will use [io.js](https://iojs.org/) with JavaScript files instead of node.\n\n## Using nodemon in your gulp workflow\n\nCheck out the [gulp-nodemon](https://github.com/JacksonGariety/gulp-nodemon) plugin to integrate nodemon with the rest of your project\'s gulp workflow.\n\n## Using nodemon in your Grunt workflow\n\nCheck out the [grunt-nodemon](https://github.com/ChrisWren/grunt-nodemon) plugin to integrate nodemon with the rest of your project\'s grunt workflow.\n\n## FAQ\n\nSee the [FAQ](https://github.com/remy/nodemon/blob/master/faq.md) and please add your own questions if you think they would help others.\n\n# License\n\nMIT [http://rem.mit-license.org](http://rem.mit-license.org)\n',
37 silly resolved     readmeFilename: 'README.md',
37 silly resolved     bugs: { url: 'https://github.com/remy/nodemon/issues' },
37 silly resolved     _id: 'nodemon@1.3.7',
37 silly resolved     _from: 'nodemon@' } ]
38 info install nodemon@1.3.7 into /usr/local/lib
39 info installOne nodemon@1.3.7
40 verbose from cache /Users/thekiba/.npm/nodemon/1.3.7/package/package.json
41 info /usr/local/lib/node_modules/nodemon unbuild
42 verbose read json /usr/local/lib/node_modules/nodemon/package.json
43 verbose tar unpack /Users/thekiba/.npm/nodemon/1.3.7/package.tgz
44 silly lockFile 15c6d46c-r-local-lib-node-modules-nodemon tar:///usr/local/lib/node_modules/nodemon
45 verbose lock tar:///usr/local/lib/node_modules/nodemon /Users/thekiba/.npm/15c6d46c-r-local-lib-node-modules-nodemon.lock
46 silly lockFile eb91ad3c-ba-npm-nodemon-1-3-7-package-tgz tar:///Users/thekiba/.npm/nodemon/1.3.7/package.tgz
47 verbose lock tar:///Users/thekiba/.npm/nodemon/1.3.7/package.tgz /Users/thekiba/.npm/eb91ad3c-ba-npm-nodemon-1-3-7-package-tgz.lock
48 silly gunzTarPerm modes [ '755', '644' ]
49 silly gunzTarPerm extractEntry package.json
50 silly gunzTarPerm extractEntry .npmignore
51 silly gunzTarPerm extractEntry README.md
52 silly gunzTarPerm extractEntry doc/arch.md
53 silly gunzTarPerm extractEntry doc/cli/authors.txt
54 silly gunzTarPerm extractEntry doc/cli/config.txt
55 silly gunzTarPerm extractEntry doc/cli/help.txt
56 silly gunzTarPerm extractEntry doc/cli/logo.txt
57 silly gunzTarPerm extractEntry doc/cli/topics.txt
58 silly gunzTarPerm extractEntry doc/cli/usage.txt
59 silly gunzTarPerm extractEntry doc/cli/whoami.txt
60 silly gunzTarPerm extractEntry doc/events.md
61 silly gunzTarPerm extractEntry doc/option-parsing-logic.md
62 silly gunzTarPerm extractEntry doc/requireable.md
63 silly gunzTarPerm extractEntry doc/rules.md
64 silly gunzTarPerm extractEntry doc/sample-nodemon.md
65 silly gunzTarPerm extractEntry CONTRIBUTING.md
66 silly gunzTarPerm extractEntry .jshintrc
67 silly gunzTarPerm extractEntry faq.md
68 silly gunzTarPerm extractEntry lib/index.js
69 silly gunzTarPerm extractEntry lib/nodemon.js
70 silly gunzTarPerm extractEntry lib/spawn.js
71 silly gunzTarPerm extractEntry lib/version.js
72 silly gunzTarPerm extractEntry lib/cli/index.js
73 silly gunzTarPerm extractEntry lib/cli/parse.js
74 silly gunzTarPerm extractEntry lib/config/checkWatchSupport.js
75 silly gunzTarPerm extractEntry lib/config/command.js
76 silly gunzTarPerm extractEntry lib/config/defaults.js
77 silly gunzTarPerm extractEntry lib/config/exec.js
78 silly gunzTarPerm extractEntry lib/config/index.js
79 silly gunzTarPerm extractEntry lib/config/load.js
80 silly gunzTarPerm extractEntry lib/config/watchable.js
81 silly gunzTarPerm extractEntry lib/help/index.js
82 silly gunzTarPerm extractEntry lib/monitor/changed-since.js
83 silly gunzTarPerm extractEntry lib/monitor/index.js
84 silly gunzTarPerm extractEntry lib/monitor/match.js
85 silly gunzTarPerm extractEntry lib/monitor/offset.js
86 silly gunzTarPerm extractEntry lib/monitor/run.js
87 silly gunzTarPerm extractEntry lib/monitor/watch.js
88 silly gunzTarPerm extractEntry lib/rules/add.js
89 silly gunzTarPerm extractEntry lib/rules/index.js
90 silly gunzTarPerm extractEntry lib/rules/parse.js
91 silly gunzTarPerm extractEntry lib/utils/bus.js
92 silly gunzTarPerm extractEntry lib/utils/clone.js
93 silly gunzTarPerm extractEntry lib/utils/colour.js
94 silly gunzTarPerm extractEntry lib/utils/index.js
95 silly gunzTarPerm extractEntry lib/utils/log.js
96 silly gunzTarPerm extractEntry lib/utils/merge.js
97 silly gunzTarPerm extractEntry .travis.yml
98 silly gunzTarPerm extractEntry bin/nodemon.js
99 silly gunzTarPerm extractEntry web/index.js
100 silly gunzTarPerm extractEntry web/index.html
101 silly gunzTarPerm extractEntry web/nodemon.svg
102 verbose read json /usr/local/lib/node_modules/nodemon/package.json
103 silly lockFile 15c6d46c-r-local-lib-node-modules-nodemon tar:///usr/local/lib/node_modules/nodemon
104 silly lockFile 15c6d46c-r-local-lib-node-modules-nodemon tar:///usr/local/lib/node_modules/nodemon
105 silly lockFile eb91ad3c-ba-npm-nodemon-1-3-7-package-tgz tar:///Users/thekiba/.npm/nodemon/1.3.7/package.tgz
106 silly lockFile eb91ad3c-ba-npm-nodemon-1-3-7-package-tgz tar:///Users/thekiba/.npm/nodemon/1.3.7/package.tgz
107 info preinstall nodemon@1.3.7
108 verbose from cache /usr/local/lib/node_modules/nodemon/package.json
109 verbose readDependencies using package.json deps
110 verbose from cache /usr/local/lib/node_modules/nodemon/package.json
111 verbose readDependencies using package.json deps
112 verbose cache add [ 'minimatch@~0.3.0', null ]
113 verbose cache add name=undefined spec="minimatch@~0.3.0" args=["minimatch@~0.3.0",null]
114 verbose parsed url { pathname: 'minimatch@~0.3.0',
114 verbose parsed url   path: 'minimatch@~0.3.0',
114 verbose parsed url   href: 'minimatch@~0.3.0' }
115 verbose cache add name="minimatch" spec="~0.3.0" args=["minimatch","~0.3.0"]
116 verbose parsed url { pathname: '~0.3.0', path: '~0.3.0', href: '~0.3.0' }
117 verbose addNamed [ 'minimatch', '~0.3.0' ]
118 verbose addNamed [ null, '>=0.3.0- <0.4.0-' ]
119 silly lockFile ccaaa04c-minimatch-0-3-0 minimatch@~0.3.0
120 verbose lock minimatch@~0.3.0 /Users/thekiba/.npm/ccaaa04c-minimatch-0-3-0.lock
121 verbose cache add [ 'ps-tree@~0.0.3', null ]
122 verbose cache add name=undefined spec="ps-tree@~0.0.3" args=["ps-tree@~0.0.3",null]
123 verbose parsed url { pathname: 'ps-tree@~0.0.3',
123 verbose parsed url   path: 'ps-tree@~0.0.3',
123 verbose parsed url   href: 'ps-tree@~0.0.3' }
124 verbose cache add name="ps-tree" spec="~0.0.3" args=["ps-tree","~0.0.3"]
125 verbose parsed url { pathname: '~0.0.3', path: '~0.0.3', href: '~0.0.3' }
126 verbose addNamed [ 'ps-tree', '~0.0.3' ]
127 verbose addNamed [ null, '>=0.0.3- <0.1.0-' ]
128 silly lockFile b5bd920b-ps-tree-0-0-3 ps-tree@~0.0.3
129 verbose lock ps-tree@~0.0.3 /Users/thekiba/.npm/b5bd920b-ps-tree-0-0-3.lock
130 verbose cache add [ 'touch@~0.0.3', null ]
131 verbose cache add name=undefined spec="touch@~0.0.3" args=["touch@~0.0.3",null]
132 verbose parsed url { pathname: 'touch@~0.0.3',
132 verbose parsed url   path: 'touch@~0.0.3',
132 verbose parsed url   href: 'touch@~0.0.3' }
133 verbose cache add name="touch" spec="~0.0.3" args=["touch","~0.0.3"]
134 verbose parsed url { pathname: '~0.0.3', path: '~0.0.3', href: '~0.0.3' }
135 verbose addNamed [ 'touch', '~0.0.3' ]
136 verbose addNamed [ null, '>=0.0.3- <0.1.0-' ]
137 silly lockFile b07d6d67-touch-0-0-3 touch@~0.0.3
138 verbose lock touch@~0.0.3 /Users/thekiba/.npm/b07d6d67-touch-0-0-3.lock
139 silly addNameRange { name: 'minimatch', range: '>=0.3.0- <0.4.0-', hasData: false }
140 silly addNameRange { name: 'ps-tree', range: '>=0.0.3- <0.1.0-', hasData: false }
141 silly addNameRange { name: 'touch', range: '>=0.0.3- <0.1.0-', hasData: false }
142 verbose cache add [ 'update-notifier@^0.3.0', null ]
143 verbose cache add name=undefined spec="update-notifier@^0.3.0" args=["update-notifier@^0.3.0",null]
144 verbose parsed url { pathname: 'update-notifier@^0.3.0',
144 verbose parsed url   path: 'update-notifier@^0.3.0',
144 verbose parsed url   href: 'update-notifier@^0.3.0' }
145 verbose cache add name="update-notifier" spec="^0.3.0" args=["update-notifier","^0.3.0"]
146 verbose parsed url { pathname: '^0.3.0', path: '^0.3.0', href: '^0.3.0' }
147 verbose addNamed [ 'update-notifier', '^0.3.0' ]
148 verbose addNamed [ null, null ]
149 silly lockFile c2368604-update-notifier-0-3-0 update-notifier@^0.3.0
150 verbose lock update-notifier@^0.3.0 /Users/thekiba/.npm/c2368604-update-notifier-0-3-0.lock
151 verbose url raw minimatch
152 verbose url resolving [ 'https://registry.npmjs.org/', './minimatch' ]
153 verbose url resolved https://registry.npmjs.org/minimatch
154 info trying registry request attempt 1 at 10:46:46
155 verbose etag "76CEA6G0HX9V73V554BU0343K"
156 http GET https://registry.npmjs.org/minimatch
157 verbose url raw ps-tree
158 verbose url resolving [ 'https://registry.npmjs.org/', './ps-tree' ]
159 verbose url resolved https://registry.npmjs.org/ps-tree
160 info trying registry request attempt 1 at 10:46:46
161 verbose etag "9SOBVL2DUN4U5LNAIAHPK45VA"
162 http GET https://registry.npmjs.org/ps-tree
163 info addNameTag [ 'update-notifier', '^0.3.0' ]
164 verbose url raw touch
165 verbose url resolving [ 'https://registry.npmjs.org/', './touch' ]
166 verbose url resolved https://registry.npmjs.org/touch
167 info trying registry request attempt 1 at 10:46:46
168 verbose etag "5C1NG9RQ32QDZ5G4FGZTIU2Y3"
169 http GET https://registry.npmjs.org/touch
170 verbose url raw update-notifier
171 verbose url resolving [ 'https://registry.npmjs.org/', './update-notifier' ]
172 verbose url resolved https://registry.npmjs.org/update-notifier
173 info trying registry request attempt 1 at 10:46:46
174 verbose etag "5UQZ14XA70IVWF7SG49DPK3RZ"
175 http GET https://registry.npmjs.org/update-notifier
176 http 304 https://registry.npmjs.org/minimatch
177 silly registry.get cb [ 304,
177 silly registry.get   { date: 'Fri, 20 Feb 2015 09:46:47 GMT',
177 silly registry.get     server: 'Apache',
177 silly registry.get     via: '1.1 varnish',
177 silly registry.get     'last-modified': 'Fri, 20 Feb 2015 09:46:47 GMT',
177 silly registry.get     'cache-control': 'max-age=60',
177 silly registry.get     etag: '"76CEA6G0HX9V73V554BU0343K"',
177 silly registry.get     age: '27',
177 silly registry.get     'x-served-by': 'cache-lhr6326-LHR',
177 silly registry.get     'x-cache': 'HIT',
177 silly registry.get     'x-cache-hits': '1',
177 silly registry.get     'x-timer': 'S1424425607.489614,VS0,VE1',
177 silly registry.get     vary: 'Accept',
177 silly registry.get     'content-length': '0',
177 silly registry.get     'keep-alive': 'timeout=10, max=50',
177 silly registry.get     connection: 'Keep-Alive' } ]
178 verbose etag minimatch from cache
179 http 304 https://registry.npmjs.org/ps-tree
180 silly registry.get cb [ 304,
180 silly registry.get   { date: 'Fri, 20 Feb 2015 09:46:47 GMT',
180 silly registry.get     server: 'Apache',
180 silly registry.get     via: '1.1 varnish',
180 silly registry.get     'last-modified': 'Fri, 20 Feb 2015 09:46:47 GMT',
180 silly registry.get     'cache-control': 'max-age=60',
180 silly registry.get     etag: '"9SOBVL2DUN4U5LNAIAHPK45VA"',
180 silly registry.get     age: '8',
180 silly registry.get     'x-served-by': 'cache-lhr6327-LHR',
180 silly registry.get     'x-cache': 'HIT',
180 silly registry.get     'x-cache-hits': '1',
180 silly registry.get     'x-timer': 'S1424425607.494386,VS0,VE0',
180 silly registry.get     vary: 'Accept',
180 silly registry.get     'content-length': '0',
180 silly registry.get     'keep-alive': 'timeout=10, max=50',
180 silly registry.get     connection: 'Keep-Alive' } ]
181 verbose etag ps-tree from cache
182 http 304 https://registry.npmjs.org/touch
183 silly registry.get cb [ 304,
183 silly registry.get   { date: 'Fri, 20 Feb 2015 09:46:47 GMT',
183 silly registry.get     server: 'Apache',
183 silly registry.get     via: '1.1 varnish',
183 silly registry.get     'last-modified': 'Fri, 20 Feb 2015 09:46:21 GMT',
183 silly registry.get     'cache-control': 'max-age=60',
183 silly registry.get     etag: '"5C1NG9RQ32QDZ5G4FGZTIU2Y3"',
183 silly registry.get     age: '26',
183 silly registry.get     'x-served-by': 'cache-lhr6325-LHR',
183 silly registry.get     'x-cache': 'HIT',
183 silly registry.get     'x-cache-hits': '2',
183 silly registry.get     'x-timer': 'S1424425607.496794,VS0,VE0',
183 silly registry.get     vary: 'Accept',
183 silly registry.get     'content-length': '0',
183 silly registry.get     'keep-alive': 'timeout=10, max=50',
183 silly registry.get     connection: 'Keep-Alive' } ]
184 verbose etag touch from cache
185 silly addNameRange number 2 { name: 'minimatch', range: '>=0.3.0- <0.4.0-', hasData: true }
186 silly addNameRange versions [ 'minimatch',
186 silly addNameRange   [ '0.0.1',
186 silly addNameRange     '0.0.2',
186 silly addNameRange     '0.0.4',
186 silly addNameRange     '0.0.5',
186 silly addNameRange     '0.1.1',
186 silly addNameRange     '0.1.2',
186 silly addNameRange     '0.1.3',
186 silly addNameRange     '0.1.4',
186 silly addNameRange     '0.1.5',
186 silly addNameRange     '0.2.0',
186 silly addNameRange     '0.2.2',
186 silly addNameRange     '0.2.3',
186 silly addNameRange     '0.2.4',
186 silly addNameRange     '0.2.5',
186 silly addNameRange     '0.2.6',
186 silly addNameRange     '0.2.7',
186 silly addNameRange     '0.2.8',
186 silly addNameRange     '0.2.9',
186 silly addNameRange     '0.2.10',
186 silly addNameRange     '0.2.11',
186 silly addNameRange     '0.2.12',
186 silly addNameRange     '0.2.13',
186 silly addNameRange     '0.2.14',
186 silly addNameRange     '0.3.0',
186 silly addNameRange     '0.4.0',
186 silly addNameRange     '1.0.0',
186 silly addNameRange     '2.0.0',
186 silly addNameRange     '2.0.1' ] ]
187 verbose addNamed [ 'minimatch', '0.3.0' ]
188 verbose addNamed [ '0.3.0', '0.3.0' ]
189 silly lockFile fbcfe8c1-minimatch-0-3-0 minimatch@0.3.0
190 verbose lock minimatch@0.3.0 /Users/thekiba/.npm/fbcfe8c1-minimatch-0-3-0.lock
191 http 304 https://registry.npmjs.org/update-notifier
192 silly registry.get cb [ 304,
192 silly registry.get   { date: 'Fri, 20 Feb 2015 09:46:47 GMT',
192 silly registry.get     server: 'Apache',
192 silly registry.get     via: '1.1 varnish',
192 silly registry.get     'last-modified': 'Fri, 20 Feb 2015 09:46:47 GMT',
192 silly registry.get     'cache-control': 'max-age=60',
192 silly registry.get     etag: '"5UQZ14XA70IVWF7SG49DPK3RZ"',
192 silly registry.get     age: '30',
192 silly registry.get     'x-served-by': 'cache-lhr6329-LHR',
192 silly registry.get     'x-cache': 'HIT',
192 silly registry.get     'x-cache-hits': '1',
192 silly registry.get     'x-timer': 'S1424425607.499444,VS0,VE0',
192 silly registry.get     vary: 'Accept',
192 silly registry.get     'content-length': '0',
192 silly registry.get     'keep-alive': 'timeout=10, max=50',
192 silly registry.get     connection: 'Keep-Alive' } ]
193 verbose etag update-notifier from cache
194 silly addNameRange number 2 { name: 'ps-tree', range: '>=0.0.3- <0.1.0-', hasData: true }
195 silly addNameRange versions [ 'ps-tree', [ '0.0.0', '0.0.1', '0.0.2', '0.0.3' ] ]
196 verbose addNamed [ 'ps-tree', '0.0.3' ]
197 verbose addNamed [ '0.0.3', '0.0.3' ]
198 silly lockFile d4596f2e-ps-tree-0-0-3 ps-tree@0.0.3
199 verbose lock ps-tree@0.0.3 /Users/thekiba/.npm/d4596f2e-ps-tree-0-0-3.lock
200 silly addNameRange number 2 { name: 'touch', range: '>=0.0.3- <0.1.0-', hasData: true }
201 silly addNameRange versions [ 'touch', [ '0.0.1', '0.0.2', '0.0.3' ] ]
202 verbose addNamed [ 'touch', '0.0.3' ]
203 verbose addNamed [ '0.0.3', '0.0.3' ]
204 silly lockFile 9e09bbf2-touch-0-0-3 touch@0.0.3
205 verbose lock touch@0.0.3 /Users/thekiba/.npm/9e09bbf2-touch-0-0-3.lock
206 verbose read json /Users/thekiba/.npm/minimatch/0.3.0/package/package.json
207 verbose read json /Users/thekiba/.npm/ps-tree/0.0.3/package/package.json
208 silly lockFile c2368604-update-notifier-0-3-0 update-notifier@^0.3.0
209 silly lockFile c2368604-update-notifier-0-3-0 update-notifier@^0.3.0
210 verbose about to build /usr/local/lib/node_modules/nodemon
211 info /usr/local/lib/node_modules/nodemon unbuild
212 verbose from cache /usr/local/lib/node_modules/nodemon/package.json
213 verbose read json /Users/thekiba/.npm/touch/0.0.3/package/package.json
214 info preuninstall nodemon@1.3.7
215 info uninstall nodemon@1.3.7
216 verbose true,/usr/local/lib/node_modules,/usr/local/lib/node_modules unbuild nodemon@1.3.7
217 verbose /usr/local/bin,[object Object] binRoot
218 silly lockFile fbcfe8c1-minimatch-0-3-0 minimatch@0.3.0
219 silly lockFile fbcfe8c1-minimatch-0-3-0 minimatch@0.3.0
220 info postuninstall nodemon@1.3.7
221 silly lockFile ccaaa04c-minimatch-0-3-0 minimatch@~0.3.0
222 silly lockFile ccaaa04c-minimatch-0-3-0 minimatch@~0.3.0
223 silly lockFile d4596f2e-ps-tree-0-0-3 ps-tree@0.0.3
224 silly lockFile d4596f2e-ps-tree-0-0-3 ps-tree@0.0.3
225 silly lockFile 9e09bbf2-touch-0-0-3 touch@0.0.3
226 silly lockFile 9e09bbf2-touch-0-0-3 touch@0.0.3
227 silly lockFile b5bd920b-ps-tree-0-0-3 ps-tree@~0.0.3
228 silly lockFile b5bd920b-ps-tree-0-0-3 ps-tree@~0.0.3
229 silly lockFile b07d6d67-touch-0-0-3 touch@~0.0.3
230 silly lockFile b07d6d67-touch-0-0-3 touch@~0.0.3
231 error Error: No compatible version found: update-notifier@'^0.3.0'
231 error Valid install targets:
231 error ["0.1.0","0.1.1","0.1.2","0.1.3","0.1.4","0.1.5","0.1.6","0.1.7","0.1.8","0.1.9","0.1.10","0.2.0","0.2.1","0.2.2","0.3.0"]
231 error     at installTargetsError (/usr/local/lib/node_modules/npm/lib/cache.js:719:10)
231 error     at /usr/local/lib/node_modules/npm/lib/cache.js:641:10
231 error     at saved (/usr/local/lib/node_modules/npm/node_modules/npm-registry-client/lib/get.js:138:7)
231 error     at Object.oncomplete (fs.js:297:15)
232 error If you need help, you may report this log at:
232 error     <http://github.com/isaacs/npm/issues>
232 error or email it to:
232 error     <npm-@googlegroups.com>
233 error System Darwin 14.0.0
234 error command "node" "/usr/local/bin/npm" "install" "-g" "nodemon"
235 error cwd /Users/thekiba/nodejs/node-metatrader
236 error node -v v0.8.26
237 error npm -v 1.2.30
238 verbose exit [ 1, true ]
